<?xml version="1.0" encoding="UTF-8"?>
<testsuite xmlns:xsi="http://www.w3.org/2001/XMLSchema-instance" xsi:noNamespaceSchemaLocation="https://maven.apache.org/surefire/maven-surefire-plugin/xsd/surefire-test-report.xsd" version="3.0.2" name="org.acme.GreetingResourceTest" time="5.921" tests="1" errors="0" skipped="0" failures="0">
  <properties>
[...]
</properties>
  <testcase name="testHelloEndpoint" classname="org.acme.GreetingResourceTest" time="3.794">
    <system-out><![CDATA[2025-12-26 00:39:45,911 INFO  [io.quarkus] (main) quarkus-app 1.0.0-SNAPSHOT on JVM (powered by Quarkus 3.30.5) started in 9.059s. Listening on: http://0.0.0.0:8081
2025-12-26 00:39:45,917 INFO  [io.quarkus] (main) Profile test activated. 
2025-12-26 00:39:45,918 INFO  [io.quarkus] (main) Installed features: [cdi, rest, smallrye-context-propagation, vertx]
]]></system-out>
  </testcase>
</testsuite>